<?xml version="1.0" encoding="UTF-8"?>
<!-- Generated by org.testng.reporters.JUnitReportReporter -->
<testsuite hostname="maniyar-PC" name="com.amazon.TestCases.LoginPageTest" tests="1" failures="0" timestamp="23 Jan 2019 17:48:31 GMT" time="35.062" errors="0">
  <testcase name="Execute_TestCase" time="35.062" classname="com.amazon.TestCases.LoginPageTest"/>
</testsuite> <!-- com.amazon.TestCases.LoginPageTest -->
