<?xml version="1.0" encoding="UTF-8"?>
<!-- Generated by org.testng.reporters.JUnitReportReporter -->
<testsuite hostname="maniyar-PC" name="com.amazon.TestCases.ComputersPageTest" tests="1" failures="0" timestamp="24 Jan 2019 06:35:06 GMT" time="56.721" errors="0">
  <testcase name="selectcomponent" time="56.721" classname="com.amazon.TestCases.ComputersPageTest"/>
</testsuite> <!-- com.amazon.TestCases.ComputersPageTest -->
