<?xml version="1.0" encoding="UTF-8"?>
<!-- Generated by org.testng.reporters.JUnitReportReporter -->
<testsuite hostname="maniyar-PC" name="com.amazon.TestCases.AddToCardPageTest" tests="1" failures="0" timestamp="24 Jan 2019 08:37:00 GMT" time="40.509" errors="0">
  <testcase name="addtocard" time="40.509" classname="com.amazon.TestCases.AddToCardPageTest"/>
</testsuite> <!-- com.amazon.TestCases.AddToCardPageTest -->
