<?xml version="1.0" encoding="UTF-8"?>
<!-- Generated by org.testng.reporters.JUnitReportReporter -->
<testsuite hostname="maniyar-PC" name="com.amazon.TestCases.HomePageTest" tests="1" failures="0" timestamp="24 Jan 2019 06:13:48 GMT" time="33.610" errors="0">
  <testcase name="selectitem" time="33.610" classname="com.amazon.TestCases.HomePageTest"/>
</testsuite> <!-- com.amazon.TestCases.HomePageTest -->
