<?xml version="1.0" encoding="UTF-8"?>
<!-- Generated by org.testng.reporters.JUnitReportReporter -->
<testsuite hostname="maniyar-PC" name="com.amazon.TestCases.ComponentsPageTest" tests="1" failures="0" timestamp="24 Jan 2019 06:54:21 GMT" time="33.805" errors="0">
  <testcase name="select_samsungdisk" time="33.805" classname="com.amazon.TestCases.ComponentsPageTest"/>
</testsuite> <!-- com.amazon.TestCases.ComponentsPageTest -->
